
> myapp@0.0.0 start /root/webapp/myapp
> node ./bin/www

[0mGET /index.html [32m200 [0m10.713 ms - 24894[0m
[0mGET /assets/js/colorbrewer.js [32m200 [0m18.438 ms - 20249[0m
[0mGET /bootstrap-3.3.6-dist/css/bootstrap.min.css [32m200 [0m6.618 ms - 121260[0m
[0mGET /assets/js/d3.min.js [32m200 [0m6.765 ms - 151665[0m
[0mGET /assets/js/jquery-1.11.3.js [32m200 [0m17.702 ms - 284394[0m
[0mGET /bootstrap-3.3.6-dist/js/bootstrap.min.js [32m200 [0m6.389 ms - 36868[0m
[0mGET /assets/js/ol.js [32m200 [0m6.547 ms - 514898[0m
[0mGET /assets/data/test.js [32m200 [0m1.117 ms - 1055244[0m
[0mGET /bootstrap-3.3.6-dist/css/bootstrap.min.css.map [32m200 [0m2.501 ms - 54416[0m
[0mGET /predict?dateHourStr=032116 [32m200 [0m2640.153 ms - 123326[0m
[0mGET /predict?dateHourStr=032122 [32m200 [0m2005.077 ms - 123250[0m
[0mGET /predict?dateHourStr=032722 [32m200 [0m944.788 ms - 123669[0m
[0mGET /predict?dateHourStr=032703 [32m200 [0m3834.710 ms - 122667[0m
[0mGET /index.html [32m200 [0m1.692 ms - 24894[0m
[0mGET /assets/js/colorbrewer.js [32m200 [0m3.907 ms - 20249[0m
[0mGET /assets/js/d3.min.js [32m200 [0m9.047 ms - 151665[0m
[0mGET /bootstrap-3.3.6-dist/css/bootstrap.min.css [32m200 [0m2.828 ms - 121260[0m
[0mGET /bootstrap-3.3.6-dist/js/bootstrap.min.js [32m200 [0m1.730 ms - 36868[0m
[0mGET /assets/js/ol.js [32m200 [0m11.515 ms - 514898[0m
[0mGET /assets/js/jquery-1.11.3.js [32m200 [0m7.220 ms - 284394[0m
[0mGET /assets/data/test.js [32m200 [0m1.569 ms - 1055244[0m
[0mGET /bootstrap-3.3.6-dist/css/bootstrap.min.css.map [32m200 [0m1.718 ms - 54416[0m
[0mGET /predict?dateHourStr=032116 [32m200 [0m169.160 ms - 123326[0m
[0mGET /index.html [32m206 [0m4.491 ms - 4097[0m
[0mGET /index.html [32m206 [0m2.778 ms - 4098[0m
[0mGET /index.html [32m206 [0m1.861 ms - 4098[0m
[0mGET /index.html [32m206 [0m1.471 ms - 4098[0m
[0mGET /index.html [32m206 [0m3.099 ms - 4098[0m
[0mGET /index.html [32m206 [0m1.653 ms - 4098[0m
[0mGET /index.html [32m206 [0m1.255 ms - 319[0m
[0mGET /index.html [33m416 [0m452.256 ms - 553[0m
[0mGET /predict?dateHourStr=032103 [32m200 [0m1983.353 ms - 123581[0m
[0mGET /predict?dateHourStr=032903 [32m200 [0m31.488 ms - 123270[0m
[0mGET /predict?dateHourStr=032915 [32m200 [0m2488.428 ms - 123241[0m
[0mGET /predict?dateHourStr=032715 [32m200 [0m795.608 ms - 123139[0m
[0mGET /index.html [32m200 [0m2.629 ms - 24894[0m
[0mGET /assets/js/colorbrewer.js [32m200 [0m1.119 ms - 20249[0m
[0mGET /bootstrap-3.3.6-dist/css/bootstrap.min.css [32m200 [0m2.040 ms - 121260[0m
[0mGET /bootstrap-3.3.6-dist/js/bootstrap.min.js [32m200 [0m2.128 ms - 36868[0m
[0mGET /assets/js/d3.min.js [32m200 [0m1.939 ms - 151665[0m
[0mGET /assets/js/jquery-1.11.3.js [32m200 [0m1.046 ms - 284394[0m
[0mGET /assets/js/ol.js [32m200 [0m1.752 ms - 514898[0m
[0mGET /assets/data/test.js [32m200 [0m1.366 ms - 1055244[0m
[0mGET /predict?dateHourStr=032117 [32m200 [0m159.372 ms - 123326[0m
[0mGET /favicon.ico [33m404 [0m38.234 ms - 995[0m
[0mGET /predict?dateHourStr=032617 [32m200 [0m668.256 ms - 123107[0m
[0mGET /bootstrap-3.3.6-dist/css/bootstrap.min.css [36m304 [0m2.654 ms - -[0m
[0mGET /bootstrap-3.3.6-dist/css/bootstrap.min.css.map [32m200 [0m1.013 ms - 54416[0m
[0mGET /index.html [32m200 [0m1.001 ms - 24894[0m
[0mGET /assets/js/colorbrewer.js [32m200 [0m0.877 ms - 20249[0m
[0mGET /bootstrap-3.3.6-dist/js/bootstrap.min.js [32m200 [0m0.628 ms - 36868[0m
[0mGET /bootstrap-3.3.6-dist/css/bootstrap.min.css [32m200 [0m0.659 ms - 121260[0m
[0mGET /assets/js/d3.min.js [32m200 [0m3.026 ms - 151665[0m
[0mGET /assets/js/jquery-1.11.3.js [32m200 [0m0.828 ms - 284394[0m
[0mGET /assets/js/ol.js [32m200 [0m0.916 ms - 514898[0m
[0mGET /assets/data/test.js [32m200 [0m0.640 ms - 1055244[0m
[0mGET /bootstrap-3.3.6-dist/css/bootstrap.min.css.map [36m304 [0m1.220 ms - -[0m
[0mGET /predict?dateHourStr=032117 [32m200 [0m18.748 ms - 123326[0m
[0mGET /index.html [32m200 [0m1.578 ms - 24894[0m
[0mGET /assets/js/colorbrewer.js [32m200 [0m2.083 ms - 20249[0m
[0mGET /assets/js/d3.min.js [32m200 [0m2.092 ms - 151665[0m
[0mGET /bootstrap-3.3.6-dist/css/bootstrap.min.css [32m200 [0m1.289 ms - 121260[0m
[0mGET /bootstrap-3.3.6-dist/js/bootstrap.min.js [32m200 [0m1.310 ms - 36868[0m
[0mGET /assets/js/jquery-1.11.3.js [32m200 [0m1.932 ms - 284394[0m
[0mGET /assets/js/ol.js [32m200 [0m2.580 ms - 514898[0m
[0mGET /assets/data/test.js [32m200 [0m1.814 ms - 1055244[0m
[0mGET /bootstrap-3.3.6-dist/css/bootstrap.min.css.map [36m304 [0m2.066 ms - -[0m
[0mGET /predict?dateHourStr=032117 [32m200 [0m1234.670 ms - 123326[0m
[0mGET /index.html [32m200 [0m1.671 ms - 24894[0m
[0mGET /assets/js/colorbrewer.js [32m200 [0m1.403 ms - 20249[0m
[0mGET /assets/js/d3.min.js [32m200 [0m1.908 ms - 151665[0m
[0mGET /assets/js/jquery-1.11.3.js [32m200 [0m5.523 ms - 284394[0m
[0mGET /bootstrap-3.3.6-dist/css/bootstrap.min.css [32m200 [0m1.217 ms - 121260[0m
[0mGET /bootstrap-3.3.6-dist/js/bootstrap.min.js [32m200 [0m1.229 ms - 36868[0m
[0mGET /assets/js/ol.js [32m200 [0m1.070 ms - 514898[0m
[0mGET /assets/data/test.js [32m200 [0m1.832 ms - 1055244[0m
[0mGET /bootstrap-3.3.6-dist/css/bootstrap.min.css.map [36m304 [0m0.845 ms - -[0m
[0mGET /predict?dateHourStr=032117 [32m200 [0m1933.539 ms - 123326[0m
[0mGET /index.html [36m304 [0m1.528 ms - -[0m
[0mGET /assets/js/colorbrewer.js [36m304 [0m1.164 ms - -[0m
[0mGET /assets/js/jquery-1.11.3.js [36m304 [0m1.139 ms - -[0m
[0mGET /assets/js/d3.min.js [36m304 [0m0.673 ms - -[0m
[0mGET /assets/js/ol.js [36m304 [0m0.758 ms - -[0m
[0mGET /bootstrap-3.3.6-dist/css/bootstrap.min.css [36m304 [0m0.693 ms - -[0m
[0mGET /bootstrap-3.3.6-dist/js/bootstrap.min.js [36m304 [0m0.879 ms - -[0m
[0mGET /assets/data/test.js [36m304 [0m0.658 ms - -[0m
[0mGET /predict?dateHourStr=032118 [32m200 [0m141.119 ms - 123326[0m
[0mGET /predict?dateHourStr=032101 [32m200 [0m446.488 ms - 123582[0m
[0mGET /index.html [32m200 [0m2.439 ms - 24894[0m
[0mGET /assets/js/colorbrewer.js [32m200 [0m5.477 ms - 20249[0m
[0mGET /bootstrap-3.3.6-dist/js/bootstrap.min.js [32m200 [0m1.392 ms - 36868[0m
[0mGET /assets/js/jquery-1.11.3.js [32m200 [0m2.157 ms - 284394[0m
[0mGET /bootstrap-3.3.6-dist/css/bootstrap.min.css [32m200 [0m1.322 ms - 121260[0m
[0mGET /assets/js/d3.min.js [32m200 [0m2.074 ms - 151665[0m
[0mGET /assets/data/test.js [32m200 [0m0.531 ms - 1055244[0m
[0mGET /assets/js/ol.js [32m200 [0m0.613 ms - 514898[0m
[0mGET /assets/data/test.js [36m304 [0m1.018 ms - -[0m
[0mGET /favicon.ico [33m404 [0m32.893 ms - 995[0m
[0mGET /predict?dateHourStr=032118 [32m200 [0m2198.395 ms - 123326[0m
[0mGET /predict?dateHourStr=032122 [32m200 [0m779.349 ms - 123250[0m
[0mGET /predict?dateHourStr=032322 [32m200 [0m2096.015 ms - 123115[0m
[0mGET /predict?dateHourStr=032608 [32m200 [0m1288.804 ms - 122892[0m
[0mGET /predict?dateHourStr=032601 [32m200 [0m632.050 ms - 122837[0m
[0mGET /predict?dateHourStr=032523 [32m200 [0m1302.784 ms - 123146[0m
[0mGET /predict?dateHourStr=032623 [32m200 [0m1069.259 ms - 123043[0m
[0mGET /bootstrap-3.3.6-dist/css/bootstrap.min.css [36m304 [0m1.122 ms - -[0m
[0mGET /bootstrap-3.3.6-dist/css/bootstrap.min.css.map [32m200 [0m1.273 ms - 54416[0m
[0mGET /index.html [32m200 [0m1.554 ms - 25052[0m
[0mGET /assets/js/colorbrewer.js [32m200 [0m3.402 ms - 20249[0m
[0mGET /bootstrap-3.3.6-dist/css/bootstrap.min.css [32m200 [0m0.902 ms - 121260[0m
[0mGET /bootstrap-3.3.6-dist/js/bootstrap.min.js [32m200 [0m0.559 ms - 36868[0m
[0mGET /assets/js/d3.min.js [32m200 [0m2.701 ms - 151665[0m
[0mGET /assets/js/jquery-1.11.3.js [32m200 [0m2.779 ms - 284394[0m
[0mGET /assets/js/ol.js [32m200 [0m2.295 ms - 514898[0m
[0mGET /assets/data/test.js [32m200 [0m0.781 ms - 1055244[0m
[0mGET /bootstrap-3.3.6-dist/css/bootstrap.min.css.map [32m200 [0m1.614 ms - 54416[0m
[0mGET /predict?dateHourStr=032122 [32m200 [0m727.348 ms - 123250[0m
[0mGET /index.html [32m200 [0m1.654 ms - 25061[0m
[0mGET /assets/js/colorbrewer.js [32m200 [0m1.250 ms - 20249[0m
[0mGET /assets/js/d3.min.js [32m200 [0m5.038 ms - 151665[0m
[0mGET /bootstrap-3.3.6-dist/js/bootstrap.min.js [32m200 [0m2.508 ms - 36868[0m
[0mGET /bootstrap-3.3.6-dist/css/bootstrap.min.css [32m200 [0m2.089 ms - 121260[0m
[0mGET /assets/js/jquery-1.11.3.js [32m200 [0m1.795 ms - 284394[0m
[0mGET /assets/js/ol.js [32m200 [0m2.034 ms - 514898[0m
[0mGET /assets/data/test.js [32m200 [0m1.157 ms - 1055244[0m
[0mGET /bootstrap-3.3.6-dist/css/bootstrap.min.css.map [32m200 [0m0.987 ms - 54416[0m
[0mGET /predict?dateHourStr=032122 [32m200 [0m137.364 ms - 123250[0m
[0mGET /index.html [32m200 [0m1.330 ms - 25254[0m
[0mGET /assets/js/colorbrewer.js [32m200 [0m0.808 ms - 20249[0m
[0mGET /bootstrap-3.3.6-dist/css/bootstrap.min.css [32m200 [0m0.636 ms - 121260[0m
[0mGET /bootstrap-3.3.6-dist/js/bootstrap.min.js [32m200 [0m2.640 ms - 36868[0m
[0mGET /assets/js/d3.min.js [32m200 [0m14.168 ms - 151665[0m
[0mGET /assets/js/jquery-1.11.3.js [32m200 [0m6.681 ms - 284394[0m
[0mGET /assets/js/ol.js [32m200 [0m4.164 ms - 514898[0m
[0mGET /assets/data/test.js [32m200 [0m1.082 ms - 1055244[0m
[0mGET /bootstrap-3.3.6-dist/css/bootstrap.min.css.map [32m200 [0m1.534 ms - 54416[0m
[0mGET /predict?dateHourStr=032122 [32m200 [0m1636.056 ms - 123250[0m
[0mGET /index.html [32m200 [0m0.815 ms - 25254[0m
[0mGET /assets/js/colorbrewer.js [32m200 [0m0.837 ms - 20249[0m
[0mGET /assets/js/jquery-1.11.3.js [32m200 [0m0.683 ms - 284394[0m
[0mGET /assets/js/d3.min.js [32m200 [0m1.909 ms - 151665[0m
[0mGET /bootstrap-3.3.6-dist/css/bootstrap.min.css [32m200 [0m0.908 ms - 121260[0m
[0mGET /bootstrap-3.3.6-dist/js/bootstrap.min.js [32m200 [0m0.663 ms - 36868[0m
[0mGET /assets/js/ol.js [32m200 [0m2.169 ms - 514898[0m
[0mGET /assets/data/test.js [32m200 [0m0.855 ms - 1055244[0m
[0mGET /predict?dateHourStr=032122 [32m200 [0m23.262 ms - 123250[0m
[0mGET /bootstrap-3.3.6-dist/css/bootstrap.min.css.map [32m200 [0m0.869 ms - 54416[0m
[0mGET /index.html [32m200 [0m0.804 ms - 25268[0m
[0mGET /assets/js/colorbrewer.js [32m200 [0m1.068 ms - 20249[0m
[0mGET /assets/js/jquery-1.11.3.js [32m200 [0m0.638 ms - 284394[0m
[0mGET /assets/js/d3.min.js [32m200 [0m0.523 ms - 151665[0m
[0mGET /bootstrap-3.3.6-dist/js/bootstrap.min.js [32m200 [0m1.290 ms - 36868[0m
[0mGET /bootstrap-3.3.6-dist/css/bootstrap.min.css [32m200 [0m1.118 ms - 121260[0m
[0mGET /assets/data/test.js [32m200 [0m0.596 ms - 1055244[0m
[0mGET /assets/js/ol.js [32m200 [0m0.661 ms - 514898[0m
[0mGET /bootstrap-3.3.6-dist/css/bootstrap.min.css.map [32m200 [0m1.651 ms - 54416[0m
[0mGET /predict?dateHourStr=032122 [32m200 [0m832.060 ms - 123250[0m
[0mGET /index.html [32m200 [0m0.867 ms - 25268[0m
[0mGET /assets/js/colorbrewer.js [32m200 [0m0.993 ms - 20249[0m
[0mGET /assets/js/jquery-1.11.3.js [32m200 [0m1.293 ms - 284394[0m
[0mGET /bootstrap-3.3.6-dist/css/bootstrap.min.css [32m200 [0m1.110 ms - 121260[0m
[0mGET /bootstrap-3.3.6-dist/js/bootstrap.min.js [32m200 [0m0.598 ms - 36868[0m
[0mGET /assets/js/ol.js [32m200 [0m1.046 ms - 514898[0m
[0mGET /assets/js/d3.min.js [32m200 [0m1.467 ms - 151665[0m
[0mGET /assets/data/test.js [32m200 [0m0.989 ms - 1055244[0m
[0mGET /bootstrap-3.3.6-dist/css/bootstrap.min.css.map [32m200 [0m1.029 ms - 54416[0m
[0mGET /predict?dateHourStr=032122 [32m200 [0m485.129 ms - 123250[0m
[0mGET /index.html [32m200 [0m0.993 ms - 25270[0m
[0mGET /assets/js/colorbrewer.js [32m200 [0m1.030 ms - 20249[0m
[0mGET /assets/js/d3.min.js [32m200 [0m1.137 ms - 151665[0m
[0mGET /bootstrap-3.3.6-dist/css/bootstrap.min.css [32m200 [0m2.428 ms - 121260[0m
[0mGET /bootstrap-3.3.6-dist/js/bootstrap.min.js [32m200 [0m0.733 ms - 36868[0m
[0mGET /assets/js/ol.js [32m200 [0m1.068 ms - 514898[0m
[0mGET /assets/js/jquery-1.11.3.js [32m200 [0m0.741 ms - 284394[0m
[0mGET /assets/data/test.js [32m200 [0m0.975 ms - 1055244[0m
[0mGET /bootstrap-3.3.6-dist/css/bootstrap.min.css.map [32m200 [0m1.602 ms - 54416[0m
[0mGET /predict?dateHourStr=032122 [32m200 [0m162.123 ms - 123250[0m
[0mGET /predict?dateHourStr=032123 [32m200 [0m1756.048 ms - 123229[0m
[0mGET /predict?dateHourStr=032200 [32m200 [0m16.062 ms - 123070[0m
[0mGET /predict?dateHourStr=032123 [32m200 [0m2005.309 ms - 123229[0m
[0mGET /index.html [32m200 [0m1.600 ms - 25271[0m
[0mGET /assets/js/colorbrewer.js [32m200 [0m6.178 ms - 20249[0m
[0mGET /bootstrap-3.3.6-dist/css/bootstrap.min.css [32m200 [0m1.217 ms - 121260[0m
[0mGET /bootstrap-3.3.6-dist/js/bootstrap.min.js [32m200 [0m1.328 ms - 36868[0m
[0mGET /assets/js/d3.min.js [32m200 [0m2.359 ms - 151665[0m
[0mGET /assets/js/jquery-1.11.3.js [32m200 [0m6.606 ms - 284394[0m
[0mGET /assets/js/ol.js [32m200 [0m1.992 ms - 514898[0m
[0mGET /assets/data/test.js [32m200 [0m1.090 ms - 1055244[0m
[0mGET /bootstrap-3.3.6-dist/css/bootstrap.min.css.map [32m200 [0m0.871 ms - 54416[0m
[0mGET /predict?dateHourStr=032122 [32m200 [0m44.770 ms - 123250[0m
[0mGET /index.html [32m200 [0m1.839 ms - 9269[0m
[0mGET /bootstrap/css/bootstrap.min.css [33m404 [0m18.055 ms - 995[0m
[0mGET /css/bootstrap-select.min.css [32m200 [0m22.458 ms - 5885[0m
[0mGET /font-awesome/css/font-awesome.min.css [32m200 [0m4.368 ms - 17780[0m
[0mGET /css/style.css [32m200 [0m3.439 ms - 14226[0m
[0mGET /color/default.css [32m200 [0m3.377 ms - 652[0m
[0mGET /css/d3.slider.css [32m200 [0m0.480 ms - 1022[0m
[0mGET /css/animate.css [32m200 [0m4.699 ms - 57095[0m
[0mGET /js/custom.js [32m200 [0m1.368 ms - 1021[0m
[0mGET /assets/js/colorbrewer.js [32m200 [0m0.697 ms - 20249[0m
[0mGET /js/bootstrap-select.js [32m200 [0m1.387 ms - 70433[0m
[0mGET /bootstrap-3.3.6-dist/css/bootstrap.min.css [32m200 [0m1.459 ms - 121260[0m
[0mGET /assets/js/saferoad.js [33m404 [0m54.173 ms - 995[0m
[0mGET /assets/js/d3.min.js [32m200 [0m1.411 ms - 151665[0m
[0mGET /bootstrap-3.3.6-dist/js/bootstrap.min.js [32m200 [0m1.585 ms - 36868[0m
[0mGET /img/team/1b.jpg [32m200 [0m0.856 ms - 36413[0m
[0mGET /assets/js/jquery-1.11.3.js [32m200 [0m1.150 ms - 284394[0m
[0mGET /img/team/2b.jpg [32m200 [0m1.355 ms - 54728[0m
[0mGET /img/team/3b.jpg [32m200 [0m1.145 ms - 36362[0m
[0mGET /img/team/4b.jpg [32m200 [0m1.192 ms - 102977[0m
[0mGET /img/main.jpg [32m200 [0m1.110 ms - 1100355[0m
[0mGET /bootstrap-3.3.6-dist/css/bootstrap.min.css.map [32m200 [0m1.477 ms - 54416[0m
[0mGET /index.html [32m200 [0m1.101 ms - 9179[0m
[0mGET /bootstrap/css/bootstrap.min.css [33m404 [0m29.104 ms - 995[0m
[0mGET /css/bootstrap-select.min.css [32m200 [0m4.862 ms - 5885[0m
[0mGET /font-awesome/css/font-awesome.min.css [32m200 [0m4.768 ms - 17780[0m
[0mGET /color/default.css [32m200 [0m3.579 ms - 652[0m
[0mGET /css/style.css [32m200 [0m3.636 ms - 14226[0m
[0mGET /css/d3.slider.css [32m200 [0m1.111 ms - 1022[0m
[0mGET /assets/js/colorbrewer.js [32m200 [0m1.101 ms - 20249[0m
[0mGET /css/animate.css [32m200 [0m3.729 ms - 57095[0m
[0mGET /bootstrap-3.3.6-dist/js/bootstrap.min.js [32m200 [0m1.094 ms - 36868[0m
[0mGET /assets/js/saferoad.js [33m404 [0m37.089 ms - 995[0m
[0mGET /bootstrap-3.3.6-dist/css/bootstrap.min.css [32m200 [0m1.183 ms - 121260[0m
[0mGET /assets/js/d3.min.js [32m200 [0m2.376 ms - 151665[0m
[0mGET /js/bootstrap-select.js [32m200 [0m0.614 ms - 70433[0m
[0mGET /js/custom.js [32m200 [0m0.671 ms - 1021[0m
[0mGET /img/team/1b.jpg [32m200 [0m1.084 ms - 36413[0m
[0mGET /img/team/2b.jpg [32m200 [0m1.012 ms - 54728[0m
[0mGET /assets/js/jquery-1.11.3.js [32m200 [0m2.195 ms - 284394[0m
[0mGET /img/team/3b.jpg [32m200 [0m1.079 ms - 36362[0m
[0mGET /img/team/4b.jpg [32m200 [0m2.396 ms - 102977[0m
[0mGET /bootstrap-3.3.6-dist/css/bootstrap.min.css.map [32m200 [0m1.079 ms - 54416[0m
[0mGET /img/main.jpg [32m200 [0m2.310 ms - 1100355[0m
[0mGET /index.html [32m200 [0m1.018 ms - 9179[0m
[0mGET /bootstrap/css/bootstrap.min.css [33m404 [0m20.172 ms - 995[0m
[0mGET /css/bootstrap-select.min.css [32m200 [0m2.865 ms - 5885[0m
[0mGET /color/default.css [32m200 [0m1.816 ms - 652[0m
[0mGET /font-awesome/css/font-awesome.min.css [32m200 [0m2.441 ms - 17780[0m
[0mGET /css/style.css [32m200 [0m1.933 ms - 14226[0m
[0mGET /css/animate.css [32m200 [0m2.042 ms - 57095[0m
[0mGET /css/d3.slider.css [32m200 [0m1.191 ms - 1022[0m
[0mGET /assets/js/colorbrewer.js [32m200 [0m0.521 ms - 20249[0m
[0mGET /bootstrap-3.3.6-dist/css/bootstrap.min.css [32m200 [0m1.117 ms - 121260[0m
[0mGET /bootstrap-3.3.6-dist/js/bootstrap.min.js [32m200 [0m0.530 ms - 36868[0m
[0mGET /assets/js/saferoad.js [32m200 [0m0.518 ms - 22007[0m
[0mGET /js/bootstrap-select.js [32m200 [0m0.597 ms - 70433[0m
[0mGET /js/custom.js [32m200 [0m1.135 ms - 1021[0m
[0mGET /assets/js/d3.min.js [32m200 [0m3.554 ms - 151665[0m
[0mGET /img/team/1b.jpg [32m200 [0m1.099 ms - 36413[0m
[0mGET /img/team/2b.jpg [32m200 [0m1.130 ms - 54728[0m
[0mGET /assets/js/jquery-1.11.3.js [32m200 [0m3.946 ms - 284394[0m
[0mGET /img/team/3b.jpg [32m200 [0m0.745 ms - 36362[0m
[0mGET /img/team/4b.jpg [32m200 [0m0.771 ms - 102977[0m
[0mGET /bootstrap-3.3.6-dist/css/bootstrap.min.css.map [32m200 [0m0.763 ms - 54416[0m
[0mGET /img/main.jpg [32m200 [0m0.512 ms - 1100355[0m
[0mGET /predict?dateHourStr=032123 [32m200 [0m4515.384 ms - 123229[0m
[0mGET /index.html [32m200 [0m1.467 ms - 9267[0m
[0mGET /bootstrap/css/bootstrap.min.css [33m404 [0m24.340 ms - 995[0m
[0mGET /css/bootstrap-select.min.css [32m200 [0m3.778 ms - 5885[0m
[0mGET /font-awesome/css/font-awesome.min.css [32m200 [0m2.870 ms - 17780[0m
[0mGET /css/style.css [32m200 [0m2.669 ms - 14226[0m
[0mGET /color/default.css [32m200 [0m2.672 ms - 652[0m
[0mGET /css/d3.slider.css [32m200 [0m0.846 ms - 1022[0m
[0mGET /css/animate.css [32m200 [0m2.853 ms - 57095[0m
[0mGET /assets/js/colorbrewer.js [32m200 [0m0.648 ms - 20249[0m
[0mGET /assets/js/saferoad.js [32m200 [0m0.758 ms - 22007[0m
[0mGET /bootstrap-3.3.6-dist/js/bootstrap.min.js [32m200 [0m0.728 ms - 36868[0m
[0mGET /bootstrap-3.3.6-dist/css/bootstrap.min.css [32m200 [0m0.954 ms - 121260[0m
[0mGET /assets/js/d3.min.js [32m200 [0m1.091 ms - 151665[0m
[0mGET /js/custom.js [32m200 [0m2.485 ms - 1021[0m
[0mGET /js/bootstrap-select.js [32m200 [0m0.983 ms - 70433[0m
[0mGET /img/team/1b.jpg [32m200 [0m0.697 ms - 36413[0m
[0mGET /assets/js/jquery-1.11.3.js [32m200 [0m1.008 ms - 284394[0m
[0mGET /img/team/2b.jpg [32m200 [0m2.449 ms - 54728[0m
[0mGET /img/team/3b.jpg [32m200 [0m2.735 ms - 36362[0m
[0mGET /img/team/4b.jpg [32m200 [0m1.446 ms - 102977[0m
[0mGET /assets/data/nyc_zip_codes.js [32m200 [0m2.603 ms - 1073558[0m
[0mGET /img/main.jpg [32m200 [0m1.060 ms - 1100355[0m
[0mGET /bootstrap-3.3.6-dist/css/bootstrap.min.css.map [32m200 [0m0.927 ms - 54416[0m
[0mGET /predict?dateHourStr=032123 [32m200 [0m780.922 ms - 123229[0m
[0mGET /index.html [32m200 [0m0.871 ms - 9267[0m
[0mGET /bootstrap/css/bootstrap.min.css [33m404 [0m12.210 ms - 995[0m
[0mGET /css/bootstrap-select.min.css [32m200 [0m14.610 ms - 5885[0m
[0mGET /font-awesome/css/font-awesome.min.css [32m200 [0m2.182 ms - 17780[0m
[0mGET /color/default.css [32m200 [0m1.662 ms - 652[0m
[0mGET /css/style.css [32m200 [0m1.607 ms - 14226[0m
[0mGET /css/animate.css [32m200 [0m2.270 ms - 57095[0m
[0mGET /css/d3.slider.css [32m200 [0m0.895 ms - 1022[0m
[0mGET /assets/js/colorbrewer.js [32m200 [0m1.189 ms - 20249[0m
[0mGET /bootstrap-3.3.6-dist/js/bootstrap.min.js [32m200 [0m1.001 ms - 36868[0m
[0mGET /assets/js/saferoad.js [32m200 [0m1.926 ms - 22007[0m
[0mGET /assets/js/d3.min.js [32m200 [0m1.168 ms - 151665[0m
[0mGET /bootstrap-3.3.6-dist/css/bootstrap.min.css [32m200 [0m0.827 ms - 121260[0m
[0mGET /js/custom.js [32m200 [0m1.114 ms - 1021[0m
[0mGET /js/bootstrap-select.js [32m200 [0m3.834 ms - 70433[0m
[0mGET /assets/js/jquery-1.11.3.js [32m200 [0m0.994 ms - 284394[0m
[0mGET /img/team/2b.jpg [32m200 [0m2.261 ms - 54728[0m
[0mGET /img/team/1b.jpg [32m200 [0m2.243 ms - 36413[0m
[0mGET /img/team/3b.jpg [32m200 [0m1.920 ms - 36362[0m
[0mGET /img/team/4b.jpg [32m200 [0m1.999 ms - 102977[0m
[0mGET /img/main.jpg [32m200 [0m0.798 ms - 1100355[0m
[0mGET /assets/data/nyc_zip_codes.js [32m200 [0m1.272 ms - 1073558[0m
[0mGET /bootstrap-3.3.6-dist/css/bootstrap.min.css.map [32m200 [0m1.152 ms - 54416[0m
[0mGET /predict?dateHourStr=032123 [32m200 [0m1902.072 ms - 123229[0m
[0mGET /index.html [32m200 [0m0.821 ms - 9235[0m
[0mGET /bootstrap/css/bootstrap.min.css [33m404 [0m17.078 ms - 995[0m
[0mGET /css/bootstrap-select.min.css [32m200 [0m1.750 ms - 5885[0m
[0mGET /font-awesome/css/font-awesome.min.css [32m200 [0m1.689 ms - 17780[0m
[0mGET /css/animate.css [32m200 [0m1.616 ms - 57095[0m
[0mGET /css/style.css [32m200 [0m0.962 ms - 14226[0m
[0mGET /color/default.css [32m200 [0m0.988 ms - 652[0m
[0mGET /css/d3.slider.css [32m200 [0m0.890 ms - 1022[0m
[0mGET /bootstrap-3.3.6-dist/css/bootstrap.min.css [32m200 [0m0.878 ms - 121260[0m
[0mGET /assets/js/colorbrewer.js [32m200 [0m0.692 ms - 20249[0m
[0mGET /assets/js/d3.min.js [32m200 [0m1.816 ms - 151665[0m
[0mGET /bootstrap-3.3.6-dist/js/bootstrap.min.js [32m200 [0m1.313 ms - 36868[0m
[0mGET /assets/js/saferoad.js [32m200 [0m0.849 ms - 22007[0m
[0mGET /js/bootstrap-select.js [32m200 [0m0.565 ms - 70433[0m
[0mGET /js/custom.js [32m200 [0m0.936 ms - 1021[0m
[0mGET /assets/js/jquery-1.11.3.js [32m200 [0m2.015 ms - 284394[0m
[0mGET /img/team/1b.jpg [32m200 [0m0.864 ms - 36413[0m
[0mGET /img/team/3b.jpg [32m200 [0m1.699 ms - 36362[0m
[0mGET /img/team/2b.jpg [32m200 [0m1.747 ms - 54728[0m
[0mGET /img/team/4b.jpg [32m200 [0m0.876 ms - 102977[0m
[0mGET /assets/data/nyc_zip_codes.js [32m200 [0m1.037 ms - 1073558[0m
[0mGET /img/main.jpg [32m200 [0m1.907 ms - 1100355[0m
[0mGET /bootstrap-3.3.6-dist/css/bootstrap.min.css.map [32m200 [0m0.990 ms - 54416[0m
[0mGET /predict?dateHourStr=032123 [32m200 [0m1145.919 ms - 123229[0m
[0mGET /index.html [32m200 [0m0.989 ms - 9110[0m
[0mGET /bootstrap/css/bootstrap.min.css [33m404 [0m15.194 ms - 995[0m
[0mGET /css/bootstrap-select.min.css [32m200 [0m17.455 ms - 5885[0m
[0mGET /css/animate.css [32m200 [0m2.474 ms - 57095[0m
[0mGET /css/style.css [32m200 [0m2.068 ms - 14226[0m
[0mGET /color/default.css [32m200 [0m2.055 ms - 652[0m
[0mGET /font-awesome/css/font-awesome.min.css [32m200 [0m1.932 ms - 17780[0m
[0mGET /css/d3.slider.css [32m200 [0m0.953 ms - 1022[0m
[0mGET /assets/js/colorbrewer.js [32m200 [0m1.902 ms - 20249[0m
[0mGET /assets/js/d3.min.js [32m200 [0m0.576 ms - 151665[0m
[0mGET /bootstrap-3.3.6-dist/js/bootstrap.min.js [32m200 [0m1.167 ms - 36868[0m
[0mGET /assets/js/saferoad.js [32m200 [0m1.044 ms - 22007[0m
[0mGET /assets/js/jquery-1.11.3.js [32m200 [0m1.337 ms - 284394[0m
[0mGET /js/bootstrap-select.js [32m200 [0m1.530 ms - 70433[0m
[0mGET /js/custom.js [32m200 [0m0.917 ms - 1021[0m
[0mGET /bootstrap-3.3.6-dist/css/bootstrap.min.css [32m200 [0m0.824 ms - 121260[0m
[0mGET /img/team/2b.jpg [32m200 [0m1.908 ms - 54728[0m
[0mGET /img/team/1b.jpg [32m200 [0m2.075 ms - 36413[0m
[0mGET /img/team/3b.jpg [32m200 [0m0.927 ms - 36362[0m
[0mGET /img/team/4b.jpg [32m200 [0m1.035 ms - 102977[0m
[0mGET /assets/data/nyc_zip_codes.js [32m200 [0m1.103 ms - 1073558[0m
[0mGET /img/main.jpg [32m200 [0m1.164 ms - 1100355[0m
[0mGET /bootstrap-3.3.6-dist/css/bootstrap.min.css.map [32m200 [0m1.371 ms - 54416[0m
[0mGET /predict?dateHourStr=032123 [32m200 [0m1137.278 ms - 123229[0m
[0mGET /index.html [32m200 [0m1.518 ms - 9060[0m
[0mGET /bootstrap/css/bootstrap.min.css [33m404 [0m14.571 ms - 995[0m
[0mGET /css/animate.css [32m200 [0m2.376 ms - 57095[0m
[0mGET /css/bootstrap-select.min.css [32m200 [0m2.677 ms - 5885[0m
[0mGET /font-awesome/css/font-awesome.min.css [32m200 [0m2.310 ms - 17780[0m
[0mGET /color/default.css [32m200 [0m0.873 ms - 652[0m
[0mGET /css/style.css [32m200 [0m0.883 ms - 14226[0m
[0mGET /css/d3.slider.css [32m200 [0m0.985 ms - 1022[0m
[0mGET /bootstrap-3.3.6-dist/css/bootstrap.min.css [32m200 [0m1.034 ms - 121260[0m
[0mGET /assets/js/colorbrewer.js [32m200 [0m1.115 ms - 20249[0m
[0mGET /assets/js/d3.min.js [32m200 [0m1.929 ms - 151665[0m
[0mGET /bootstrap-3.3.6-dist/js/bootstrap.min.js [32m200 [0m1.185 ms - 36868[0m
[0mGET /assets/js/saferoad.js [32m200 [0m1.371 ms - 22007[0m
[0mGET /js/bootstrap-select.js [32m200 [0m1.159 ms - 70433[0m
[0mGET /js/custom.js [32m200 [0m1.831 ms - 1021[0m
[0mGET /img/team/1b.jpg [32m200 [0m3.068 ms - 36413[0m
[0mGET /img/team/3b.jpg [32m200 [0m1.985 ms - 36362[0m
[0mGET /img/team/2b.jpg [32m200 [0m2.136 ms - 54728[0m
[0mGET /img/team/4b.jpg [32m200 [0m1.001 ms - 102977[0m
[0mGET /assets/data/nyc_zip_codes.js [32m200 [0m1.832 ms - 1073558[0m
[0mGET /assets/js/jquery-1.11.3.js [32m200 [0m1.732 ms - 284394[0m
[0mGET /img/main.jpg [32m200 [0m1.016 ms - 1100355[0m
[0mGET /bootstrap-3.3.6-dist/css/bootstrap.min.css.map [32m200 [0m1.246 ms - 54416[0m
[0mGET /predict?dateHourStr=032123 [32m200 [0m4139.574 ms - 123229[0m
[0mGET /index.html [32m200 [0m1.286 ms - 9060[0m
[0mGET /bootstrap/css/bootstrap.min.css [33m404 [0m12.624 ms - 995[0m
[0mGET /css/bootstrap-select.min.css [32m200 [0m14.096 ms - 5885[0m
[0mGET /css/animate.css [32m200 [0m2.148 ms - 57095[0m
[0mGET /css/style.css [32m200 [0m2.369 ms - 14226[0m
[0mGET /color/default.css [32m200 [0m2.408 ms - 652[0m
[0mGET /font-awesome/css/font-awesome.min.css [32m200 [0m2.284 ms - 17780[0m
[0mGET /css/d3.slider.css [32m200 [0m0.630 ms - 1022[0m
[0mGET /bootstrap-3.3.6-dist/css/bootstrap.min.css [32m200 [0m1.076 ms - 121260[0m
[0mGET /assets/js/colorbrewer.js [32m200 [0m0.999 ms - 20249[0m
[0mGET /bootstrap-3.3.6-dist/js/bootstrap.min.js [32m200 [0m1.028 ms - 36868[0m
[0mGET /assets/js/saferoad.js [32m200 [0m0.992 ms - 22007[0m
[0mGET /js/bootstrap-select.js [32m200 [0m0.991 ms - 70433[0m
[0mGET /assets/js/d3.min.js [32m200 [0m1.991 ms - 151665[0m
[0mGET /js/custom.js [32m200 [0m0.991 ms - 1021[0m
[0mGET /assets/js/jquery-1.11.3.js [32m200 [0m1.795 ms - 284394[0m
[0mGET /img/team/1b.jpg [32m200 [0m1.783 ms - 36413[0m
[0mGET /img/team/2b.jpg [32m200 [0m5.212 ms - 54728[0m
[0mGET /img/team/3b.jpg [32m200 [0m1.100 ms - 36362[0m
[0mGET /img/team/4b.jpg [32m200 [0m1.214 ms - 102977[0m
[0mGET /assets/data/nyc_zip_codes.js [32m200 [0m13.193 ms - 1073558[0m
[0mGET /img/main.jpg [32m200 [0m3.114 ms - 1100355[0m
[0mGET /bootstrap-3.3.6-dist/css/bootstrap.min.css.map [32m200 [0m0.970 ms - 54416[0m
[0mGET /predict?dateHourStr=032123 [32m200 [0m1316.361 ms - 123229[0m
[0mGET /index.html [32m200 [0m0.799 ms - 8994[0m
[0mGET /bootstrap/css/bootstrap.min.css [33m404 [0m11.987 ms - 995[0m
[0mGET /css/bootstrap-select.min.css [32m200 [0m0.750 ms - 5885[0m
[0mGET /font-awesome/css/font-awesome.min.css [32m200 [0m1.748 ms - 17780[0m
[0mGET /css/animate.css [32m200 [0m2.021 ms - 57095[0m
[0mGET /css/style.css [32m200 [0m1.759 ms - 14226[0m
[0mGET /color/default.css [32m200 [0m1.712 ms - 652[0m
[0mGET /css/d3.slider.css [32m200 [0m1.003 ms - 1022[0m
[0mGET /bootstrap-3.3.6-dist/css/bootstrap.min.css [32m200 [0m1.043 ms - 121260[0m
[0mGET /assets/js/colorbrewer.js [32m200 [0m0.971 ms - 20249[0m
[0mGET /assets/js/d3.min.js [32m200 [0m1.590 ms - 151665[0m
[0mGET /bootstrap-3.3.6-dist/js/bootstrap.min.js [32m200 [0m0.476 ms - 36868[0m
[0mGET /assets/js/saferoad.js [32m200 [0m1.061 ms - 22007[0m
[0mGET /js/bootstrap-select.js [32m200 [0m1.126 ms - 70433[0m
[0mGET /js/custom.js [32m200 [0m0.749 ms - 1021[0m
[0mGET /img/team/1b.jpg [32m200 [0m0.737 ms - 36413[0m
[0mGET /img/team/3b.jpg [32m200 [0m1.056 ms - 36362[0m
[0mGET /img/team/2b.jpg [32m200 [0m2.460 ms - 54728[0m
[0mGET /img/team/4b.jpg [32m200 [0m0.620 ms - 102977[0m
[0mGET /assets/js/jquery-1.11.3.js [32m200 [0m1.834 ms - 284394[0m
[0mGET /img/main.jpg [32m200 [0m0.994 ms - 1100355[0m
[0mGET /assets/data/nyc_zip_codes.js [32m200 [0m0.807 ms - 1073558[0m
[0mGET /bootstrap-3.3.6-dist/css/bootstrap.min.css.map [32m200 [0m0.975 ms - 54416[0m
[0mGET /predict?dateHourStr=032123 [32m200 [0m20.421 ms - 123229[0m
[0mGET /index.html [32m200 [0m1.358 ms - 8971[0m
[0mGET /bootstrap/css/bootstrap.min.css [33m404 [0m16.133 ms - 995[0m
[0mGET /css/bootstrap-select.min.css [32m200 [0m1.357 ms - 5885[0m
[0mGET /font-awesome/css/font-awesome.min.css [32m200 [0m1.262 ms - 17780[0m
[0mGET /css/animate.css [32m200 [0m1.358 ms - 57095[0m
[0mGET /css/style.css [32m200 [0m0.730 ms - 14226[0m
[0mGET /color/default.css [32m200 [0m0.907 ms - 652[0m
[0mGET /css/d3.slider.css [32m200 [0m1.310 ms - 1022[0m
[0mGET /bootstrap-3.3.6-dist/css/bootstrap.min.css [32m200 [0m1.022 ms - 121260[0m
[0mGET /assets/js/colorbrewer.js [32m200 [0m1.056 ms - 20249[0m
[0mGET /assets/js/d3.min.js [32m200 [0m1.885 ms - 151665[0m
[0mGET /bootstrap-3.3.6-dist/js/bootstrap.min.js [32m200 [0m0.777 ms - 36868[0m
[0mGET /assets/js/saferoad.js [32m200 [0m0.644 ms - 22007[0m
[0mGET /js/bootstrap-select.js [32m200 [0m0.688 ms - 70433[0m
[0mGET /js/custom.js [32m200 [0m0.652 ms - 1021[0m
[0mGET /assets/js/jquery-1.11.3.js [32m200 [0m1.686 ms - 284394[0m
[0mGET /img/team/1b.jpg [32m200 [0m2.665 ms - 36413[0m
[0mGET /img/team/2b.jpg [32m200 [0m0.641 ms - 54728[0m
[0mGET /img/team/3b.jpg [32m200 [0m0.598 ms - 36362[0m
[0mGET /img/team/4b.jpg [32m200 [0m1.186 ms - 102977[0m
[0mGET /img/main.jpg [32m200 [0m0.745 ms - 1100355[0m
[0mGET /bootstrap-3.3.6-dist/css/bootstrap.min.css.map [32m200 [0m1.451 ms - 54416[0m
[0mGET /assets/data/nyc_zip_codes.js [32m200 [0m0.713 ms - 1073558[0m
[0mGET /predict?dateHourStr=032123 [32m200 [0m154.154 ms - 123229[0m
[0mGET /index.html [32m200 [0m0.990 ms - 8991[0m
[0mGET /bootstrap/css/bootstrap.min.css [33m404 [0m19.131 ms - 995[0m
[0mGET /css/bootstrap-select.min.css [32m200 [0m3.822 ms - 5885[0m
[0mGET /font-awesome/css/font-awesome.min.css [32m200 [0m4.016 ms - 17780[0m
[0mGET /color/default.css [32m200 [0m1.936 ms - 652[0m
[0mGET /css/style.css [32m200 [0m1.871 ms - 14226[0m
[0mGET /css/animate.css [32m200 [0m4.067 ms - 57095[0m
[0mGET /css/d3.slider.css [32m200 [0m0.883 ms - 1022[0m
[0mGET /assets/js/colorbrewer.js [32m200 [0m1.132 ms - 20249[0m
[0mGET /bootstrap-3.3.6-dist/js/bootstrap.min.js [32m200 [0m0.728 ms - 36868[0m
[0mGET /assets/js/saferoad.js [32m200 [0m0.709 ms - 22007[0m
[0mGET /bootstrap-3.3.6-dist/css/bootstrap.min.css [32m200 [0m0.899 ms - 121260[0m
[0mGET /assets/js/d3.min.js [32m200 [0m0.690 ms - 151665[0m
[0mGET /js/custom.js [32m200 [0m0.830 ms - 1021[0m
[0mGET /js/bootstrap-select.js [32m200 [0m1.037 ms - 70433[0m
[0mGET /assets/js/jquery-1.11.3.js [32m200 [0m1.092 ms - 284394[0m
[0mGET /img/team/1b.jpg [32m200 [0m0.908 ms - 36413[0m
[0mGET /img/team/2b.jpg [32m200 [0m3.435 ms - 54728[0m
[0mGET /img/team/3b.jpg [32m200 [0m1.322 ms - 36362[0m
[0mGET /img/team/4b.jpg [32m200 [0m1.555 ms - 102977[0m
[0mGET /bootstrap-3.3.6-dist/css/bootstrap.min.css.map [32m200 [0m1.051 ms - 54416[0m
[0mGET /assets/data/nyc_zip_codes.js [32m200 [0m2.449 ms - 1073558[0m
[0mGET /img/main.jpg [32m200 [0m1.034 ms - 1100355[0m
[0mGET /predict?dateHourStr=032123 [32m200 [0m1302.756 ms - 123229[0m
[0mGET /index.html [32m200 [0m1.317 ms - 8991[0m
[0mGET /bootstrap/css/bootstrap.min.css [33m404 [0m23.626 ms - 995[0m
[0mGET /css/bootstrap-select.min.css [32m200 [0m3.092 ms - 5885[0m
[0mGET /font-awesome/css/font-awesome.min.css [32m200 [0m2.937 ms - 17780[0m
[0mGET /css/style.css [32m200 [0m2.325 ms - 14233[0m
[0mGET /color/default.css [32m200 [0m2.187 ms - 652[0m
[0mGET /css/d3.slider.css [32m200 [0m1.042 ms - 1022[0m
[0mGET /css/animate.css [32m200 [0m2.993 ms - 57095[0m
[0mGET /assets/js/colorbrewer.js [32m200 [0m1.395 ms - 20249[0m
[0mGET /bootstrap-3.3.6-dist/css/bootstrap.min.css [32m200 [0m1.110 ms - 121260[0m
[0mGET /assets/js/saferoad.js [32m200 [0m0.695 ms - 22007[0m
[0mGET /bootstrap-3.3.6-dist/js/bootstrap.min.js [32m200 [0m0.687 ms - 36868[0m
[0mGET /assets/js/d3.min.js [32m200 [0m1.844 ms - 151665[0m
[0mGET /assets/js/jquery-1.11.3.js [32m200 [0m1.013 ms - 284394[0m
[0mGET /js/custom.js [32m200 [0m1.449 ms - 1021[0m
[0mGET /js/bootstrap-select.js [32m200 [0m0.711 ms - 70433[0m
[0mGET /img/team/1b.jpg [32m200 [0m0.829 ms - 36413[0m
[0mGET /img/team/3b.jpg [32m200 [0m1.457 ms - 36362[0m
[0mGET /img/team/2b.jpg [32m200 [0m1.307 ms - 54728[0m
[0mGET /img/team/4b.jpg [32m200 [0m0.929 ms - 102977[0m
[0mGET /img/grid-image.jpg [32m200 [0m0.958 ms - 219303[0m
[0mGET /assets/data/nyc_zip_codes.js [32m200 [0m1.117 ms - 1073558[0m
[0mGET /bootstrap-3.3.6-dist/css/bootstrap.min.css.map [32m200 [0m0.954 ms - 54416[0m
[0mGET /predict?dateHourStr=032123 [32m200 [0m3157.149 ms - 123229[0m
[0mGET /index.html [32m200 [0m1.058 ms - 8991[0m
[0mGET /bootstrap/css/bootstrap.min.css [33m404 [0m11.925 ms - 995[0m
[0mGET /css/bootstrap-select.min.css [32m200 [0m1.202 ms - 5885[0m
[0mGET /font-awesome/css/font-awesome.min.css [32m200 [0m1.130 ms - 17780[0m
[0mGET /css/style.css [32m200 [0m0.880 ms - 14233[0m
[0mGET /css/animate.css [32m200 [0m1.051 ms - 57095[0m
[0mGET /color/default.css [32m200 [0m1.070 ms - 652[0m
[0mGET /css/d3.slider.css [32m200 [0m0.969 ms - 1022[0m
[0mGET /bootstrap-3.3.6-dist/css/bootstrap.min.css [32m200 [0m1.036 ms - 121260[0m
[0mGET /assets/js/colorbrewer.js [32m200 [0m0.887 ms - 20249[0m
[0mGET /bootstrap-3.3.6-dist/js/bootstrap.min.js [32m200 [0m0.969 ms - 36868[0m
[0mGET /assets/js/saferoad.js [32m200 [0m0.838 ms - 22007[0m
[0mGET /assets/js/d3.min.js [32m200 [0m0.742 ms - 151665[0m
[0mGET /js/bootstrap-select.js [32m200 [0m1.827 ms - 70433[0m
[0mGET /js/custom.js [32m200 [0m1.143 ms - 1021[0m
[0mGET /img/team/1b.jpg [32m200 [0m1.189 ms - 36413[0m
[0mGET /assets/js/jquery-1.11.3.js [32m200 [0m1.104 ms - 284394[0m
[0mGET /img/team/2b.jpg [32m200 [0m0.958 ms - 54728[0m
[0mGET /img/team/3b.jpg [32m200 [0m1.106 ms - 36362[0m
[0mGET /img/team/4b.jpg [32m200 [0m1.250 ms - 102977[0m
[0mGET /assets/data/nyc_zip_codes.js [32m200 [0m1.094 ms - 1073558[0m
[0mGET /img/grid-image.jpg [32m200 [0m1.638 ms - 219303[0m
[0mGET /predict?dateHourStr=032123 [32m200 [0m3263.081 ms - 123229[0m
[0mGET /bootstrap-3.3.6-dist/css/bootstrap.min.css.map [32m200 [0m1.465 ms - 54416[0m
[0mGET /index.html [32m200 [0m0.933 ms - 8991[0m
[0mGET /bootstrap/css/bootstrap.min.css [33m404 [0m27.024 ms - 995[0m
[0mGET /css/bootstrap-select.min.css [32m200 [0m28.114 ms - 5885[0m
[0mGET /font-awesome/css/font-awesome.min.css [32m200 [0m2.549 ms - 17780[0m
[0mGET /color/default.css [32m200 [0m2.194 ms - 652[0m
[0mGET /css/style.css [32m200 [0m2.151 ms - 14223[0m
[0mGET /css/animate.css [32m200 [0m2.335 ms - 57095[0m
[0mGET /css/d3.slider.css [32m200 [0m1.625 ms - 1022[0m
[0mGET /assets/js/colorbrewer.js [32m200 [0m1.024 ms - 20249[0m
[0mGET /bootstrap-3.3.6-dist/css/bootstrap.min.css [32m200 [0m1.291 ms - 121260[0m
[0mGET /bootstrap-3.3.6-dist/js/bootstrap.min.js [32m200 [0m0.708 ms - 36868[0m
[0mGET /assets/js/saferoad.js [32m200 [0m0.928 ms - 22007[0m
[0mGET /assets/js/d3.min.js [32m200 [0m1.273 ms - 151665[0m
[0mGET /js/bootstrap-select.js [32m200 [0m1.133 ms - 70433[0m
[0mGET /js/custom.js [32m200 [0m1.107 ms - 1021[0m
[0mGET /assets/js/jquery-1.11.3.js [32m200 [0m1.652 ms - 284394[0m
[0mGET /img/team/1b.jpg [32m200 [0m1.333 ms - 36413[0m
[0mGET /img/team/2b.jpg [32m200 [0m2.265 ms - 54728[0m
[0mGET /img/team/3b.jpg [32m200 [0m2.477 ms - 36362[0m
[0mGET /img/team/4b.jpg [32m200 [0m5.245 ms - 102977[0m
[0mGET /img/grid-image.jpg [32m200 [0m5.128 ms - 219303[0m
[0mGET /assets/data/nyc_zip_codes.js [32m200 [0m1.101 ms - 1073558[0m
[0mGET /bootstrap-3.3.6-dist/css/bootstrap.min.css.map [32m200 [0m0.906 ms - 54416[0m
[0mGET /predict?dateHourStr=032200 [32m200 [0m1339.860 ms - 123070[0m
[0mGET /predict?dateHourStr=032700 [32m200 [0m892.964 ms - 122683[0m
[0mGET /predict?dateHourStr=033000 [32m200 [0m733.016 ms - 123365[0m
[0mGET /predict?dateHourStr=033000 [32m200 [0m30.165 ms - 123365[0m
[0mGET /predict?dateHourStr=032800 [32m200 [0m16.860 ms - 122994[0m
[0mGET /predict?dateHourStr=032900 [32m200 [0m29.980 ms - 123278[0m
[0mGET /predict?dateHourStr=032914 [32m200 [0m51.521 ms - 123182[0m
[0mGET /predict?dateHourStr=032101 [32m200 [0m1889.735 ms - 123582[0m
[0mGET /predict?dateHourStr=032101 [32m200 [0m16.232 ms - 123582[0m
[0mGET /predict?dateHourStr=032101 [32m200 [0m302.219 ms - 123582[0m
