[33mStarting up http-server, serving [39m[36m./[39m[33m
Available on:[39m
[32m  http://127.0.0.1:8080[39m
[32m  http://10.122.110.231:8080[39m
[32m  http://169.53.138.92:8080[39m
Hit CTRL-C to stop the server
[Thu Mar 17 2016 14:29:53 GMT-0500 (CDT)] "[36mGET[39m [36m/index.html[39m" "Mozilla/5.0 (Macintosh; Intel Mac OS X 10_11_2) AppleWebKit/537.36 (KHTML, like Gecko) Chrome/49.0.2623.87 Safari/537.36"
[Thu Mar 17 2016 14:30:33 GMT-0500 (CDT)] "[36mGET[39m [36m/index.html[39m" "Slackbot-LinkExpanding 1.0 (+https://api.slack.com/robots)"
[Thu Mar 17 2016 14:30:34 GMT-0500 (CDT)] "[36mGET[39m [36m/index.html[39m" "Slackbot-LinkExpanding 1.0 (+https://api.slack.com/robots)"
[Thu Mar 17 2016 14:30:34 GMT-0500 (CDT)] "[36mGET[39m [36m/index.html[39m" "Slackbot-LinkExpanding 1.0 (+https://api.slack.com/robots)"
[Thu Mar 17 2016 14:30:34 GMT-0500 (CDT)] "[36mGET[39m [36m/index.html[39m" "Slackbot-LinkExpanding 1.0 (+https://api.slack.com/robots)"
[Thu Mar 17 2016 14:30:34 GMT-0500 (CDT)] "[36mGET[39m [36m/index.html[39m" "Slackbot-LinkExpanding 1.0 (+https://api.slack.com/robots)"
[Thu Mar 17 2016 14:30:35 GMT-0500 (CDT)] "[36mGET[39m [36m/index.html[39m" "Slackbot-LinkExpanding 1.0 (+https://api.slack.com/robots)"
[Thu Mar 17 2016 14:30:35 GMT-0500 (CDT)] "[36mGET[39m [36m/index.html[39m" "Slackbot-LinkExpanding 1.0 (+https://api.slack.com/robots)"
[Thu Mar 17 2016 14:30:35 GMT-0500 (CDT)] "[31mGET[39m [31m/index.html[39m" Error ([31m404[39m): "[31mNot found[39m"
[Thu Mar 17 2016 14:33:16 GMT-0500 (CDT)] "[36mGET[39m [36m/index.html[39m" "Mozilla/5.0 (Windows NT 6.1; WOW64) AppleWebKit/537.36 (KHTML, like Gecko) Chrome/49.0.2623.87 Safari/537.36"
[Thu Mar 17 2016 14:33:16 GMT-0500 (CDT)] "[36mGET[39m [36m/assets/js/colorbrewer.js[39m" "Mozilla/5.0 (Windows NT 6.1; WOW64) AppleWebKit/537.36 (KHTML, like Gecko) Chrome/49.0.2623.87 Safari/537.36"
[Thu Mar 17 2016 14:33:16 GMT-0500 (CDT)] "[36mGET[39m [36m/assets/js/jquery-1.11.3.js[39m" "Mozilla/5.0 (Windows NT 6.1; WOW64) AppleWebKit/537.36 (KHTML, like Gecko) Chrome/49.0.2623.87 Safari/537.36"
[Thu Mar 17 2016 14:33:16 GMT-0500 (CDT)] "[36mGET[39m [36m/assets/js/d3.min.js[39m" "Mozilla/5.0 (Windows NT 6.1; WOW64) AppleWebKit/537.36 (KHTML, like Gecko) Chrome/49.0.2623.87 Safari/537.36"
[Thu Mar 17 2016 14:33:16 GMT-0500 (CDT)] "[36mGET[39m [36m/assets/js/ol.js[39m" "Mozilla/5.0 (Windows NT 6.1; WOW64) AppleWebKit/537.36 (KHTML, like Gecko) Chrome/49.0.2623.87 Safari/537.36"
[Thu Mar 17 2016 14:33:16 GMT-0500 (CDT)] "[36mGET[39m [36m/bootstrap-3.3.6-dist/css/bootstrap.min.css[39m" "Mozilla/5.0 (Windows NT 6.1; WOW64) AppleWebKit/537.36 (KHTML, like Gecko) Chrome/49.0.2623.87 Safari/537.36"
[Thu Mar 17 2016 14:33:16 GMT-0500 (CDT)] "[36mGET[39m [36m/bootstrap-3.3.6-dist/js/bootstrap.min.js[39m" "Mozilla/5.0 (Windows NT 6.1; WOW64) AppleWebKit/537.36 (KHTML, like Gecko) Chrome/49.0.2623.87 Safari/537.36"
[Thu Mar 17 2016 14:33:16 GMT-0500 (CDT)] "[36mGET[39m [36m/assets/data/test.js[39m" "Mozilla/5.0 (Windows NT 6.1; WOW64) AppleWebKit/537.36 (KHTML, like Gecko) Chrome/49.0.2623.87 Safari/537.36"
[Thu Mar 17 2016 14:33:18 GMT-0500 (CDT)] "[36mGET[39m [36m/favicon.ico[39m" "Mozilla/5.0 (Windows NT 6.1; WOW64) AppleWebKit/537.36 (KHTML, like Gecko) Chrome/49.0.2623.87 Safari/537.36"
[Thu Mar 17 2016 14:33:18 GMT-0500 (CDT)] "[31mGET[39m [31m/favicon.ico[39m" Error ([31m404[39m): "[31mNot found[39m"
[Thu Mar 17 2016 15:00:48 GMT-0500 (CDT)] "[36mGET[39m [36m/[39m" "masscan/1.0 (https://github.com/robertdavidgraham/masscan)"
[Thu Mar 17 2016 15:12:37 GMT-0500 (CDT)] "[36mGET[39m [36m/index.html[39m" "Mozilla/5.0 (Macintosh; Intel Mac OS X 10_11_2) AppleWebKit/537.36 (KHTML, like Gecko) Chrome/49.0.2623.87 Safari/537.36"
[Thu Mar 17 2016 15:48:24 GMT-0500 (CDT)] "[36mGET[39m [36mhttp://testp5.mielno.lubin.pl/testproxy.php[39m" "Mozilla/5.0 (Windows NT 5.1; rv:32.0) Gecko/20100101 Firefox/31.0"
[Thu Mar 17 2016 15:48:24 GMT-0500 (CDT)] "[31mGET[39m [31mhttp://testp5.mielno.lubin.pl/testproxy.php[39m" Error ([31m404[39m): "[31mNot found[39m"
[Thu Mar 17 2016 17:01:53 GMT-0500 (CDT)] "[36mGET[39m [36m/index.html[39m" "Mozilla/5.0 (Macintosh; Intel Mac OS X 10_10_4) AppleWebKit/537.36 (KHTML, like Gecko) Chrome/49.0.2623.75 Safari/537.36"
[Thu Mar 17 2016 17:01:53 GMT-0500 (CDT)] "[36mGET[39m [36m/assets/js/colorbrewer.js[39m" "Mozilla/5.0 (Macintosh; Intel Mac OS X 10_10_4) AppleWebKit/537.36 (KHTML, like Gecko) Chrome/49.0.2623.75 Safari/537.36"
[Thu Mar 17 2016 17:01:53 GMT-0500 (CDT)] "[36mGET[39m [36m/bootstrap-3.3.6-dist/css/bootstrap.min.css[39m" "Mozilla/5.0 (Macintosh; Intel Mac OS X 10_10_4) AppleWebKit/537.36 (KHTML, like Gecko) Chrome/49.0.2623.75 Safari/537.36"
[Thu Mar 17 2016 17:01:53 GMT-0500 (CDT)] "[36mGET[39m [36m/assets/js/jquery-1.11.3.js[39m" "Mozilla/5.0 (Macintosh; Intel Mac OS X 10_10_4) AppleWebKit/537.36 (KHTML, like Gecko) Chrome/49.0.2623.75 Safari/537.36"
[Thu Mar 17 2016 17:01:53 GMT-0500 (CDT)] "[36mGET[39m [36m/assets/js/d3.min.js[39m" "Mozilla/5.0 (Macintosh; Intel Mac OS X 10_10_4) AppleWebKit/537.36 (KHTML, like Gecko) Chrome/49.0.2623.75 Safari/537.36"
[Thu Mar 17 2016 17:01:53 GMT-0500 (CDT)] "[36mGET[39m [36m/bootstrap-3.3.6-dist/js/bootstrap.min.js[39m" "Mozilla/5.0 (Macintosh; Intel Mac OS X 10_10_4) AppleWebKit/537.36 (KHTML, like Gecko) Chrome/49.0.2623.75 Safari/537.36"
[Thu Mar 17 2016 17:01:53 GMT-0500 (CDT)] "[36mGET[39m [36m/assets/js/ol.js[39m" "Mozilla/5.0 (Macintosh; Intel Mac OS X 10_10_4) AppleWebKit/537.36 (KHTML, like Gecko) Chrome/49.0.2623.75 Safari/537.36"
[Thu Mar 17 2016 17:01:53 GMT-0500 (CDT)] "[36mGET[39m [36m/assets/data/test.js[39m" "Mozilla/5.0 (Macintosh; Intel Mac OS X 10_10_4) AppleWebKit/537.36 (KHTML, like Gecko) Chrome/49.0.2623.75 Safari/537.36"
[Thu Mar 17 2016 17:01:56 GMT-0500 (CDT)] "[36mGET[39m [36m/favicon.ico[39m" "Mozilla/5.0 (Macintosh; Intel Mac OS X 10_10_4) AppleWebKit/537.36 (KHTML, like Gecko) Chrome/49.0.2623.75 Safari/537.36"
[Thu Mar 17 2016 17:01:56 GMT-0500 (CDT)] "[31mGET[39m [31m/favicon.ico[39m" Error ([31m404[39m): "[31mNot found[39m"
[Thu Mar 17 2016 17:58:43 GMT-0500 (CDT)] "[36mGET[39m [36m/index.html[39m" "Mozilla/5.0 (Windows NT 6.1; WOW64) AppleWebKit/537.36 (KHTML, like Gecko) Chrome/49.0.2623.87 Safari/537.36"
[Thu Mar 17 2016 17:58:43 GMT-0500 (CDT)] "[36mGET[39m [36m/assets/js/ol.js[39m" "Mozilla/5.0 (Windows NT 6.1; WOW64) AppleWebKit/537.36 (KHTML, like Gecko) Chrome/49.0.2623.87 Safari/537.36"
[Thu Mar 17 2016 17:58:43 GMT-0500 (CDT)] "[36mGET[39m [36m/assets/js/d3.min.js[39m" "Mozilla/5.0 (Windows NT 6.1; WOW64) AppleWebKit/537.36 (KHTML, like Gecko) Chrome/49.0.2623.87 Safari/537.36"
[Thu Mar 17 2016 17:58:43 GMT-0500 (CDT)] "[36mGET[39m [36m/assets/js/jquery-1.11.3.js[39m" "Mozilla/5.0 (Windows NT 6.1; WOW64) AppleWebKit/537.36 (KHTML, like Gecko) Chrome/49.0.2623.87 Safari/537.36"
[Thu Mar 17 2016 17:58:43 GMT-0500 (CDT)] "[36mGET[39m [36m/bootstrap-3.3.6-dist/css/bootstrap.min.css[39m" "Mozilla/5.0 (Windows NT 6.1; WOW64) AppleWebKit/537.36 (KHTML, like Gecko) Chrome/49.0.2623.87 Safari/537.36"
[Thu Mar 17 2016 17:58:43 GMT-0500 (CDT)] "[36mGET[39m [36m/assets/js/colorbrewer.js[39m" "Mozilla/5.0 (Windows NT 6.1; WOW64) AppleWebKit/537.36 (KHTML, like Gecko) Chrome/49.0.2623.87 Safari/537.36"
[Thu Mar 17 2016 17:58:43 GMT-0500 (CDT)] "[36mGET[39m [36m/bootstrap-3.3.6-dist/js/bootstrap.min.js[39m" "Mozilla/5.0 (Windows NT 6.1; WOW64) AppleWebKit/537.36 (KHTML, like Gecko) Chrome/49.0.2623.87 Safari/537.36"
[Thu Mar 17 2016 17:58:43 GMT-0500 (CDT)] "[36mGET[39m [36m/assets/data/test.js[39m" "Mozilla/5.0 (Windows NT 6.1; WOW64) AppleWebKit/537.36 (KHTML, like Gecko) Chrome/49.0.2623.87 Safari/537.36"
[Thu Mar 17 2016 18:21:28 GMT-0500 (CDT)] "[36mGET[39m [36m/index.html[39m" "Mozilla/5.0 (Macintosh; Intel Mac OS X 10_10_4) AppleWebKit/537.36 (KHTML, like Gecko) Chrome/49.0.2623.75 Safari/537.36"
[Thu Mar 17 2016 18:21:28 GMT-0500 (CDT)] "[36mGET[39m [36m/assets/js/colorbrewer.js[39m" "Mozilla/5.0 (Macintosh; Intel Mac OS X 10_10_4) AppleWebKit/537.36 (KHTML, like Gecko) Chrome/49.0.2623.75 Safari/537.36"
[Thu Mar 17 2016 18:21:28 GMT-0500 (CDT)] "[36mGET[39m [36m/bootstrap-3.3.6-dist/css/bootstrap.min.css[39m" "Mozilla/5.0 (Macintosh; Intel Mac OS X 10_10_4) AppleWebKit/537.36 (KHTML, like Gecko) Chrome/49.0.2623.75 Safari/537.36"
[Thu Mar 17 2016 18:21:28 GMT-0500 (CDT)] "[36mGET[39m [36m/assets/js/jquery-1.11.3.js[39m" "Mozilla/5.0 (Macintosh; Intel Mac OS X 10_10_4) AppleWebKit/537.36 (KHTML, like Gecko) Chrome/49.0.2623.75 Safari/537.36"
[Thu Mar 17 2016 18:21:28 GMT-0500 (CDT)] "[36mGET[39m [36m/assets/js/ol.js[39m" "Mozilla/5.0 (Macintosh; Intel Mac OS X 10_10_4) AppleWebKit/537.36 (KHTML, like Gecko) Chrome/49.0.2623.75 Safari/537.36"
[Thu Mar 17 2016 18:21:28 GMT-0500 (CDT)] "[36mGET[39m [36m/assets/js/d3.min.js[39m" "Mozilla/5.0 (Macintosh; Intel Mac OS X 10_10_4) AppleWebKit/537.36 (KHTML, like Gecko) Chrome/49.0.2623.75 Safari/537.36"
[Thu Mar 17 2016 18:21:28 GMT-0500 (CDT)] "[36mGET[39m [36m/bootstrap-3.3.6-dist/js/bootstrap.min.js[39m" "Mozilla/5.0 (Macintosh; Intel Mac OS X 10_10_4) AppleWebKit/537.36 (KHTML, like Gecko) Chrome/49.0.2623.75 Safari/537.36"
[Thu Mar 17 2016 18:21:28 GMT-0500 (CDT)] "[36mGET[39m [36m/assets/data/test.js[39m" "Mozilla/5.0 (Macintosh; Intel Mac OS X 10_10_4) AppleWebKit/537.36 (KHTML, like Gecko) Chrome/49.0.2623.75 Safari/537.36"
[Thu Mar 17 2016 18:21:31 GMT-0500 (CDT)] "[36mGET[39m [36m/favicon.ico[39m" "Mozilla/5.0 (Macintosh; Intel Mac OS X 10_10_4) AppleWebKit/537.36 (KHTML, like Gecko) Chrome/49.0.2623.75 Safari/537.36"
[Thu Mar 17 2016 18:21:31 GMT-0500 (CDT)] "[31mGET[39m [31m/favicon.ico[39m" Error ([31m404[39m): "[31mNot found[39m"
[Thu Mar 17 2016 18:21:31 GMT-0500 (CDT)] "[36mGET[39m [36m/index.html[39m" "Mozilla/5.0 (Windows NT 10.0; Win64; x64) AppleWebKit/537.36 (KHTML, like Gecko) Chrome/49.0.2623.87 Safari/537.36"
[Thu Mar 17 2016 18:21:31 GMT-0500 (CDT)] "[36mGET[39m [36m/assets/js/colorbrewer.js[39m" "Mozilla/5.0 (Windows NT 10.0; Win64; x64) AppleWebKit/537.36 (KHTML, like Gecko) Chrome/49.0.2623.87 Safari/537.36"
[Thu Mar 17 2016 18:21:31 GMT-0500 (CDT)] "[36mGET[39m [36m/bootstrap-3.3.6-dist/css/bootstrap.min.css[39m" "Mozilla/5.0 (Windows NT 10.0; Win64; x64) AppleWebKit/537.36 (KHTML, like Gecko) Chrome/49.0.2623.87 Safari/537.36"
[Thu Mar 17 2016 18:21:31 GMT-0500 (CDT)] "[36mGET[39m [36m/assets/js/jquery-1.11.3.js[39m" "Mozilla/5.0 (Windows NT 10.0; Win64; x64) AppleWebKit/537.36 (KHTML, like Gecko) Chrome/49.0.2623.87 Safari/537.36"
[Thu Mar 17 2016 18:21:31 GMT-0500 (CDT)] "[36mGET[39m [36m/assets/js/d3.min.js[39m" "Mozilla/5.0 (Windows NT 10.0; Win64; x64) AppleWebKit/537.36 (KHTML, like Gecko) Chrome/49.0.2623.87 Safari/537.36"
[Thu Mar 17 2016 18:21:31 GMT-0500 (CDT)] "[36mGET[39m [36m/assets/js/ol.js[39m" "Mozilla/5.0 (Windows NT 10.0; Win64; x64) AppleWebKit/537.36 (KHTML, like Gecko) Chrome/49.0.2623.87 Safari/537.36"
[Thu Mar 17 2016 18:21:31 GMT-0500 (CDT)] "[36mGET[39m [36m/bootstrap-3.3.6-dist/js/bootstrap.min.js[39m" "Mozilla/5.0 (Windows NT 10.0; Win64; x64) AppleWebKit/537.36 (KHTML, like Gecko) Chrome/49.0.2623.87 Safari/537.36"
[Thu Mar 17 2016 18:21:32 GMT-0500 (CDT)] "[36mGET[39m [36m/assets/data/test.js[39m" "Mozilla/5.0 (Windows NT 10.0; Win64; x64) AppleWebKit/537.36 (KHTML, like Gecko) Chrome/49.0.2623.87 Safari/537.36"
[Thu Mar 17 2016 18:21:37 GMT-0500 (CDT)] "[36mGET[39m [36m/favicon.ico[39m" "Mozilla/5.0 (Windows NT 10.0; Win64; x64) AppleWebKit/537.36 (KHTML, like Gecko) Chrome/49.0.2623.87 Safari/537.36"
[Thu Mar 17 2016 18:21:37 GMT-0500 (CDT)] "[31mGET[39m [31m/favicon.ico[39m" Error ([31m404[39m): "[31mNot found[39m"
[Thu Mar 17 2016 18:26:12 GMT-0500 (CDT)] "[36mGET[39m [36m/index.html[39m" "Mozilla/5.0 (Macintosh; Intel Mac OS X 10.8; rv:44.0) Gecko/20100101 Firefox/44.0"
[Thu Mar 17 2016 18:26:12 GMT-0500 (CDT)] "[36mGET[39m [36m/assets/js/colorbrewer.js[39m" "Mozilla/5.0 (Macintosh; Intel Mac OS X 10.8; rv:44.0) Gecko/20100101 Firefox/44.0"
[Thu Mar 17 2016 18:26:12 GMT-0500 (CDT)] "[36mGET[39m [36m/assets/js/jquery-1.11.3.js[39m" "Mozilla/5.0 (Macintosh; Intel Mac OS X 10.8; rv:44.0) Gecko/20100101 Firefox/44.0"
[Thu Mar 17 2016 18:26:12 GMT-0500 (CDT)] "[36mGET[39m [36m/bootstrap-3.3.6-dist/js/bootstrap.min.js[39m" "Mozilla/5.0 (Macintosh; Intel Mac OS X 10.8; rv:44.0) Gecko/20100101 Firefox/44.0"
[Thu Mar 17 2016 18:26:12 GMT-0500 (CDT)] "[36mGET[39m [36m/assets/js/d3.min.js[39m" "Mozilla/5.0 (Macintosh; Intel Mac OS X 10.8; rv:44.0) Gecko/20100101 Firefox/44.0"
[Thu Mar 17 2016 18:26:12 GMT-0500 (CDT)] "[36mGET[39m [36m/bootstrap-3.3.6-dist/css/bootstrap.min.css[39m" "Mozilla/5.0 (Macintosh; Intel Mac OS X 10.8; rv:44.0) Gecko/20100101 Firefox/44.0"
[Thu Mar 17 2016 18:26:12 GMT-0500 (CDT)] "[36mGET[39m [36m/assets/js/ol.js[39m" "Mozilla/5.0 (Macintosh; Intel Mac OS X 10.8; rv:44.0) Gecko/20100101 Firefox/44.0"
[Thu Mar 17 2016 18:26:13 GMT-0500 (CDT)] "[36mGET[39m [36m/assets/data/test.js[39m" "Mozilla/5.0 (Macintosh; Intel Mac OS X 10.8; rv:44.0) Gecko/20100101 Firefox/44.0"
[Thu Mar 17 2016 18:26:13 GMT-0500 (CDT)] "[36mGET[39m [36m/favicon.ico[39m" "Mozilla/5.0 (Macintosh; Intel Mac OS X 10.8; rv:44.0) Gecko/20100101 Firefox/44.0"
[Thu Mar 17 2016 18:26:13 GMT-0500 (CDT)] "[31mGET[39m [31m/favicon.ico[39m" Error ([31m404[39m): "[31mNot found[39m"
[Thu Mar 17 2016 18:29:47 GMT-0500 (CDT)] "[36mGET[39m [36m/index.html[39m" "Mozilla/5.0 (Windows NT 10.0; WOW64) AppleWebKit/537.36 (KHTML, like Gecko) Chrome/49.0.2623.87 Safari/537.36"
[Thu Mar 17 2016 18:29:48 GMT-0500 (CDT)] "[36mGET[39m [36m/assets/js/colorbrewer.js[39m" "Mozilla/5.0 (Windows NT 10.0; WOW64) AppleWebKit/537.36 (KHTML, like Gecko) Chrome/49.0.2623.87 Safari/537.36"
[Thu Mar 17 2016 18:29:48 GMT-0500 (CDT)] "[36mGET[39m [36m/assets/js/jquery-1.11.3.js[39m" "Mozilla/5.0 (Windows NT 10.0; WOW64) AppleWebKit/537.36 (KHTML, like Gecko) Chrome/49.0.2623.87 Safari/537.36"
[Thu Mar 17 2016 18:29:48 GMT-0500 (CDT)] "[36mGET[39m [36m/bootstrap-3.3.6-dist/js/bootstrap.min.js[39m" "Mozilla/5.0 (Windows NT 10.0; WOW64) AppleWebKit/537.36 (KHTML, like Gecko) Chrome/49.0.2623.87 Safari/537.36"
[Thu Mar 17 2016 18:29:48 GMT-0500 (CDT)] "[36mGET[39m [36m/bootstrap-3.3.6-dist/css/bootstrap.min.css[39m" "Mozilla/5.0 (Windows NT 10.0; WOW64) AppleWebKit/537.36 (KHTML, like Gecko) Chrome/49.0.2623.87 Safari/537.36"
[Thu Mar 17 2016 18:29:48 GMT-0500 (CDT)] "[36mGET[39m [36m/assets/js/d3.min.js[39m" "Mozilla/5.0 (Windows NT 10.0; WOW64) AppleWebKit/537.36 (KHTML, like Gecko) Chrome/49.0.2623.87 Safari/537.36"
[Thu Mar 17 2016 18:29:48 GMT-0500 (CDT)] "[36mGET[39m [36m/assets/js/ol.js[39m" "Mozilla/5.0 (Windows NT 10.0; WOW64) AppleWebKit/537.36 (KHTML, like Gecko) Chrome/49.0.2623.87 Safari/537.36"
[Thu Mar 17 2016 18:29:48 GMT-0500 (CDT)] "[36mGET[39m [36m/assets/data/test.js[39m" "Mozilla/5.0 (Windows NT 10.0; WOW64) AppleWebKit/537.36 (KHTML, like Gecko) Chrome/49.0.2623.87 Safari/537.36"
[Thu Mar 17 2016 18:30:07 GMT-0500 (CDT)] "[36mGET[39m [36m/favicon.ico[39m" "Mozilla/5.0 (Windows NT 10.0; WOW64) AppleWebKit/537.36 (KHTML, like Gecko) Chrome/49.0.2623.87 Safari/537.36"
[Thu Mar 17 2016 18:30:07 GMT-0500 (CDT)] "[31mGET[39m [31m/favicon.ico[39m" Error ([31m404[39m): "[31mNot found[39m"
[Fri Mar 18 2016 04:00:08 GMT-0500 (CDT)] "[36mGET[39m [36mhttp://testp4.pospr.waw.pl/testproxy.php[39m" "Mozilla/5.0 (Windows NT 5.1; rv:32.0) Gecko/20100101 Firefox/31.0"
[Fri Mar 18 2016 04:00:08 GMT-0500 (CDT)] "[31mGET[39m [31mhttp://testp4.pospr.waw.pl/testproxy.php[39m" Error ([31m404[39m): "[31mNot found[39m"
[Fri Mar 18 2016 05:20:53 GMT-0500 (CDT)] "[36mGET[39m [36mhttp://testp3.pospr.waw.pl/testproxy.php[39m" "Mozilla/5.0 (Windows NT 5.1; rv:32.0) Gecko/20100101 Firefox/31.0"
[Fri Mar 18 2016 05:20:53 GMT-0500 (CDT)] "[31mGET[39m [31mhttp://testp3.pospr.waw.pl/testproxy.php[39m" Error ([31m404[39m): "[31mNot found[39m"
[Fri Mar 18 2016 05:45:49 GMT-0500 (CDT)] "[36mGET[39m [36m/index.html[39m" "Mozilla/5.0 (Macintosh; Intel Mac OS X 10_11_2) AppleWebKit/601.3.9 (KHTML, like Gecko) Version/9.0.2 Safari/601.3.9"
[Fri Mar 18 2016 05:45:49 GMT-0500 (CDT)] "[36mGET[39m [36m/bootstrap-3.3.6-dist/js/bootstrap.min.js[39m" "Mozilla/5.0 (Macintosh; Intel Mac OS X 10_11_2) AppleWebKit/601.3.9 (KHTML, like Gecko) Version/9.0.2 Safari/601.3.9"
[Fri Mar 18 2016 05:45:49 GMT-0500 (CDT)] "[36mGET[39m [36m/assets/data/test.js[39m" "Mozilla/5.0 (Macintosh; Intel Mac OS X 10_11_2) AppleWebKit/601.3.9 (KHTML, like Gecko) Version/9.0.2 Safari/601.3.9"
[Fri Mar 18 2016 05:45:49 GMT-0500 (CDT)] "[36mGET[39m [36m/assets/js/colorbrewer.js[39m" "Mozilla/5.0 (Macintosh; Intel Mac OS X 10_11_2) AppleWebKit/601.3.9 (KHTML, like Gecko) Version/9.0.2 Safari/601.3.9"
[Fri Mar 18 2016 05:45:49 GMT-0500 (CDT)] "[36mGET[39m [36m/assets/js/d3.min.js[39m" "Mozilla/5.0 (Macintosh; Intel Mac OS X 10_11_2) AppleWebKit/601.3.9 (KHTML, like Gecko) Version/9.0.2 Safari/601.3.9"
[Fri Mar 18 2016 05:45:49 GMT-0500 (CDT)] "[36mGET[39m [36m/assets/js/ol.js[39m" "Mozilla/5.0 (Macintosh; Intel Mac OS X 10_11_2) AppleWebKit/601.3.9 (KHTML, like Gecko) Version/9.0.2 Safari/601.3.9"
[Fri Mar 18 2016 05:45:49 GMT-0500 (CDT)] "[36mGET[39m [36m/bootstrap-3.3.6-dist/css/bootstrap.min.css[39m" "Mozilla/5.0 (Macintosh; Intel Mac OS X 10_11_2) AppleWebKit/601.3.9 (KHTML, like Gecko) Version/9.0.2 Safari/601.3.9"
[Fri Mar 18 2016 05:45:49 GMT-0500 (CDT)] "[36mGET[39m [36m/assets/js/jquery-1.11.3.js[39m" "Mozilla/5.0 (Macintosh; Intel Mac OS X 10_11_2) AppleWebKit/601.3.9 (KHTML, like Gecko) Version/9.0.2 Safari/601.3.9"
[Fri Mar 18 2016 05:45:51 GMT-0500 (CDT)] "[36mGET[39m [36m/favicon.ico[39m" "Mozilla/5.0 (Macintosh; Intel Mac OS X 10_11_2) AppleWebKit/601.3.9 (KHTML, like Gecko) Version/9.0.2 Safari/601.3.9"
[Fri Mar 18 2016 05:45:51 GMT-0500 (CDT)] "[31mGET[39m [31m/favicon.ico[39m" Error ([31m404[39m): "[31mNot found[39m"
[Fri Mar 18 2016 06:24:35 GMT-0500 (CDT)] "[36mGET[39m [36mhttp://www.qunar.com/[39m" "Mozilla/5.0 (Windows NT 6.1; WOW64; rv:29.0) Gecko/20100101 Firefox/29.0"
[Fri Mar 18 2016 07:01:08 GMT-0500 (CDT)] "[36mGET[39m [36mhttp://testp5.mielno.lubin.pl/testproxy.php[39m" "Mozilla/5.0 (Windows NT 5.1; rv:32.0) Gecko/20100101 Firefox/31.0"
[Fri Mar 18 2016 07:01:08 GMT-0500 (CDT)] "[31mGET[39m [31mhttp://testp5.mielno.lubin.pl/testproxy.php[39m" Error ([31m404[39m): "[31mNot found[39m"
[Fri Mar 18 2016 22:11:16 GMT-0500 (CDT)] "[36mGET[39m [36mhttp://testp3.pospr.waw.pl/testproxy.php[39m" "Mozilla/5.0 (Windows NT 5.1; rv:32.0) Gecko/20100101 Firefox/31.0"
[Fri Mar 18 2016 22:11:16 GMT-0500 (CDT)] "[31mGET[39m [31mhttp://testp3.pospr.waw.pl/testproxy.php[39m" Error ([31m404[39m): "[31mNot found[39m"
[Sat Mar 19 2016 06:37:31 GMT-0500 (CDT)] "[36mGET[39m [36mhttp://www.ctrip.com/[39m" "Mozilla/5.0 (Windows NT 6.1; WOW64; rv:29.0) Gecko/20100101 Firefox/29.0"
[Sat Mar 19 2016 06:37:42 GMT-0500 (CDT)] "[36mGET[39m [36mhttp://www.elong.com/[39m" "Mozilla/5.0 (Windows NT 6.1; WOW64; rv:29.0) Gecko/20100101 Firefox/29.0"
[Sat Mar 19 2016 06:54:05 GMT-0500 (CDT)] "[36mGET[39m [36m/[39m" "Go-http-client/1.1"
[Sat Mar 19 2016 06:54:05 GMT-0500 (CDT)] "[36mGET[39m [36m/cgi-bin/authLogout.cgi[39m" "Go-http-client/1.1"
[Sat Mar 19 2016 06:54:05 GMT-0500 (CDT)] "[31mGET[39m [31m/cgi-bin/authLogout.cgi[39m" Error ([31m404[39m): "[31mNot found[39m"
[Sat Mar 19 2016 13:39:11 GMT-0500 (CDT)] "[36mGET[39m [36mhttp://testp3.pospr.waw.pl/testproxy.php[39m" "Mozilla/5.0 (Windows NT 5.1; rv:32.0) Gecko/20100101 Firefox/31.0"
[Sat Mar 19 2016 13:39:11 GMT-0500 (CDT)] "[31mGET[39m [31mhttp://testp3.pospr.waw.pl/testproxy.php[39m" Error ([31m404[39m): "[31mNot found[39m"
[Sat Mar 19 2016 20:27:51 GMT-0500 (CDT)] "[36mGET[39m [36m/index.html[39m" "Mozilla/5.0 (Macintosh; Intel Mac OS X 10_11_2) AppleWebKit/537.36 (KHTML, like Gecko) Chrome/49.0.2623.87 Safari/537.36"
[Sat Mar 19 2016 20:27:51 GMT-0500 (CDT)] "[36mGET[39m [36m/bootstrap-3.3.6-dist/css/bootstrap.min.css[39m" "Mozilla/5.0 (Macintosh; Intel Mac OS X 10_11_2) AppleWebKit/537.36 (KHTML, like Gecko) Chrome/49.0.2623.87 Safari/537.36"
[Sat Mar 19 2016 20:27:51 GMT-0500 (CDT)] "[36mGET[39m [36m/assets/js/jquery-1.11.3.js[39m" "Mozilla/5.0 (Macintosh; Intel Mac OS X 10_11_2) AppleWebKit/537.36 (KHTML, like Gecko) Chrome/49.0.2623.87 Safari/537.36"
[Sat Mar 19 2016 20:27:51 GMT-0500 (CDT)] "[36mGET[39m [36m/assets/js/colorbrewer.js[39m" "Mozilla/5.0 (Macintosh; Intel Mac OS X 10_11_2) AppleWebKit/537.36 (KHTML, like Gecko) Chrome/49.0.2623.87 Safari/537.36"
[Sat Mar 19 2016 20:27:51 GMT-0500 (CDT)] "[36mGET[39m [36m/assets/js/d3.min.js[39m" "Mozilla/5.0 (Macintosh; Intel Mac OS X 10_11_2) AppleWebKit/537.36 (KHTML, like Gecko) Chrome/49.0.2623.87 Safari/537.36"
[Sat Mar 19 2016 20:27:51 GMT-0500 (CDT)] "[36mGET[39m [36m/assets/js/ol.js[39m" "Mozilla/5.0 (Macintosh; Intel Mac OS X 10_11_2) AppleWebKit/537.36 (KHTML, like Gecko) Chrome/49.0.2623.87 Safari/537.36"
[Sat Mar 19 2016 20:27:51 GMT-0500 (CDT)] "[36mGET[39m [36m/bootstrap-3.3.6-dist/js/bootstrap.min.js[39m" "Mozilla/5.0 (Macintosh; Intel Mac OS X 10_11_2) AppleWebKit/537.36 (KHTML, like Gecko) Chrome/49.0.2623.87 Safari/537.36"
[Sat Mar 19 2016 20:27:51 GMT-0500 (CDT)] "[36mGET[39m [36m/assets/data/test.js[39m" "Mozilla/5.0 (Macintosh; Intel Mac OS X 10_11_2) AppleWebKit/537.36 (KHTML, like Gecko) Chrome/49.0.2623.87 Safari/537.36"
[Sat Mar 19 2016 20:28:04 GMT-0500 (CDT)] "[36mGET[39m [36m/index.html[39m" "Mozilla/5.0 (Macintosh; Intel Mac OS X 10_11_2) AppleWebKit/537.36 (KHTML, like Gecko) Chrome/49.0.2623.87 Safari/537.36"
[Sat Mar 19 2016 20:28:40 GMT-0500 (CDT)] "[36mGET[39m [36m/index.html[39m" "Mozilla/5.0 (Macintosh; Intel Mac OS X 10_11_2) AppleWebKit/537.36 (KHTML, like Gecko) Chrome/49.0.2623.87 Safari/537.36"
[Sat Mar 19 2016 20:29:29 GMT-0500 (CDT)] "[36mGET[39m [36m/index.html[39m" "Mozilla/5.0 (Macintosh; Intel Mac OS X 10_11_2) AppleWebKit/537.36 (KHTML, like Gecko) Chrome/49.0.2623.87 Safari/537.36"
[Sat Mar 19 2016 23:58:58 GMT-0500 (CDT)] "[36mGET[39m [36mhttp://testp5.mielno.lubin.pl/testproxy.php[39m" "Mozilla/5.0 (Windows NT 5.1; rv:32.0) Gecko/20100101 Firefox/31.0"
[Sat Mar 19 2016 23:58:58 GMT-0500 (CDT)] "[31mGET[39m [31mhttp://testp5.mielno.lubin.pl/testproxy.php[39m" Error ([31m404[39m): "[31mNot found[39m"
[31mhttp-server stopped.[39m
